This is pdfTeX, Version 3.14159265-2.6-1.40.18 (TeX Live 2017/Debian) (preloaded format=pdflatex 2019.4.7)  3 MAY 2020 22:53
entering extended mode
 restricted \write18 enabled.
 %&-line parsing enabled.
**rapport.tex
(./rapport.tex
LaTeX2e <2017-04-15>
Babel <3.18> and hyphenation patterns for 5 language(s) loaded.
(/usr/share/texlive/texmf-dist/tex/latex/base/article.cls
Document Class: article 2014/09/29 v1.4h Standard LaTeX document class
(/usr/share/texlive/texmf-dist/tex/latex/base/size10.clo
File: size10.clo 2014/09/29 v1.4h Standard LaTeX file (size option)
)
\c@part=\count79
\c@section=\count80
\c@subsection=\count81
\c@subsubsection=\count82
\c@paragraph=\count83
\c@subparagraph=\count84
\c@figure=\count85
\c@table=\count86
\abovecaptionskip=\skip41
\belowcaptionskip=\skip42
\bibindent=\dimen102
)
(/usr/share/texlive/texmf-dist/tex/latex/graphics/graphicx.sty
Package: graphicx 2017/06/01 v1.1a Enhanced LaTeX Graphics (DPC,SPQR)

(/usr/share/texlive/texmf-dist/tex/latex/graphics/keyval.sty
Package: keyval 2014/10/28 v1.15 key=value parser (DPC)
\KV@toks@=\toks14
)
(/usr/share/texlive/texmf-dist/tex/latex/graphics/graphics.sty
Package: graphics 2017/06/25 v1.2c Standard LaTeX Graphics (DPC,SPQR)

(/usr/share/texlive/texmf-dist/tex/latex/graphics/trig.sty
Package: trig 2016/01/03 v1.10 sin cos tan (DPC)
)
(/usr/share/texlive/texmf-dist/tex/latex/graphics-cfg/graphics.cfg
File: graphics.cfg 2016/06/04 v1.11 sample graphics configuration
)
Package graphics Info: Driver file: pdftex.def on input line 99.

(/usr/share/texlive/texmf-dist/tex/latex/graphics-def/pdftex.def
File: pdftex.def 2018/01/08 v1.0l Graphics/color driver for pdftex
))
\Gin@req@height=\dimen103
\Gin@req@width=\dimen104
)
(/usr/share/texlive/texmf-dist/tex/latex/base/inputenc.sty
Package: inputenc 2015/03/17 v1.2c Input encoding file
\inpenc@prehook=\toks15
\inpenc@posthook=\toks16

(/usr/share/texlive/texmf-dist/tex/latex/base/utf8.def
File: utf8.def 2017/01/28 v1.1t UTF-8 support for inputenc
Now handling font encoding OML ...
... no UTF-8 mapping file for font encoding OML
Now handling font encoding T1 ...
... processing UTF-8 mapping file for font encoding T1

(/usr/share/texlive/texmf-dist/tex/latex/base/t1enc.dfu
File: t1enc.dfu 2017/01/28 v1.1t UTF-8 support for inputenc
   defining Unicode char U+00A0 (decimal 160)
   defining Unicode char U+00A1 (decimal 161)
   defining Unicode char U+00A3 (decimal 163)
   defining Unicode char U+00AB (decimal 171)
   defining Unicode char U+00AD (decimal 173)
   defining Unicode char U+00BB (decimal 187)
   defining Unicode char U+00BF (decimal 191)
   defining Unicode char U+00C0 (decimal 192)
   defining Unicode char U+00C1 (decimal 193)
   defining Unicode char U+00C2 (decimal 194)
   defining Unicode char U+00C3 (decimal 195)
   defining Unicode char U+00C4 (decimal 196)
   defining Unicode char U+00C5 (decimal 197)
   defining Unicode char U+00C6 (decimal 198)
   defining Unicode char U+00C7 (decimal 199)
   defining Unicode char U+00C8 (decimal 200)
   defining Unicode char U+00C9 (decimal 201)
   defining Unicode char U+00CA (decimal 202)
   defining Unicode char U+00CB (decimal 203)
   defining Unicode char U+00CC (decimal 204)
   defining Unicode char U+00CD (decimal 205)
   defining Unicode char U+00CE (decimal 206)
   defining Unicode char U+00CF (decimal 207)
   defining Unicode char U+00D0 (decimal 208)
   defining Unicode char U+00D1 (decimal 209)
   defining Unicode char U+00D2 (decimal 210)
   defining Unicode char U+00D3 (decimal 211)
   defining Unicode char U+00D4 (decimal 212)
   defining Unicode char U+00D5 (decimal 213)
   defining Unicode char U+00D6 (decimal 214)
   defining Unicode char U+00D8 (decimal 216)
   defining Unicode char U+00D9 (decimal 217)
   defining Unicode char U+00DA (decimal 218)
   defining Unicode char U+00DB (decimal 219)
   defining Unicode char U+00DC (decimal 220)
   defining Unicode char U+00DD (decimal 221)
   defining Unicode char U+00DE (decimal 222)
   defining Unicode char U+00DF (decimal 223)
   defining Unicode char U+00E0 (decimal 224)
   defining Unicode char U+00E1 (decimal 225)
   defining Unicode char U+00E2 (decimal 226)
   defining Unicode char U+00E3 (decimal 227)
   defining Unicode char U+00E4 (decimal 228)
   defining Unicode char U+00E5 (decimal 229)
   defining Unicode char U+00E6 (decimal 230)
   defining Unicode char U+00E7 (decimal 231)
   defining Unicode char U+00E8 (decimal 232)
   defining Unicode char U+00E9 (decimal 233)
   defining Unicode char U+00EA (decimal 234)
   defining Unicode char U+00EB (decimal 235)
   defining Unicode char U+00EC (decimal 236)
   defining Unicode char U+00ED (decimal 237)
   defining Unicode char U+00EE (decimal 238)
   defining Unicode char U+00EF (decimal 239)
   defining Unicode char U+00F0 (decimal 240)
   defining Unicode char U+00F1 (decimal 241)
   defining Unicode char U+00F2 (decimal 242)
   defining Unicode char U+00F3 (decimal 243)
   defining Unicode char U+00F4 (decimal 244)
   defining Unicode char U+00F5 (decimal 245)
   defining Unicode char U+00F6 (decimal 246)
   defining Unicode char U+00F8 (decimal 248)
   defining Unicode char U+00F9 (decimal 249)
   defining Unicode char U+00FA (decimal 250)
   defining Unicode char U+00FB (decimal 251)
   defining Unicode char U+00FC (decimal 252)
   defining Unicode char U+00FD (decimal 253)
   defining Unicode char U+00FE (decimal 254)
   defining Unicode char U+00FF (decimal 255)
   defining Unicode char U+0100 (decimal 256)
   defining Unicode char U+0101 (decimal 257)
   defining Unicode char U+0102 (decimal 258)
   defining Unicode char U+0103 (decimal 259)
   defining Unicode char U+0104 (decimal 260)
   defining Unicode char U+0105 (decimal 261)
   defining Unicode char U+0106 (decimal 262)
   defining Unicode char U+0107 (decimal 263)
   defining Unicode char U+0108 (decimal 264)
   defining Unicode char U+0109 (decimal 265)
   defining Unicode char U+010A (decimal 266)
   defining Unicode char U+010B (decimal 267)
   defining Unicode char U+010C (decimal 268)
   defining Unicode char U+010D (decimal 269)
   defining Unicode char U+010E (decimal 270)
   defining Unicode char U+010F (decimal 271)
   defining Unicode char U+0110 (decimal 272)
   defining Unicode char U+0111 (decimal 273)
   defining Unicode char U+0112 (decimal 274)
   defining Unicode char U+0113 (decimal 275)
   defining Unicode char U+0114 (decimal 276)
   defining Unicode char U+0115 (decimal 277)
   defining Unicode char U+0116 (decimal 278)
   defining Unicode char U+0117 (decimal 279)
   defining Unicode char U+0118 (decimal 280)
   defining Unicode char U+0119 (decimal 281)
   defining Unicode char U+011A (decimal 282)
   defining Unicode char U+011B (decimal 283)
   defining Unicode char U+011C (decimal 284)
   defining Unicode char U+011D (decimal 285)
   defining Unicode char U+011E (decimal 286)
   defining Unicode char U+011F (decimal 287)
   defining Unicode char U+0120 (decimal 288)
   defining Unicode char U+0121 (decimal 289)
   defining Unicode char U+0122 (decimal 290)
   defining Unicode char U+0123 (decimal 291)
   defining Unicode char U+0124 (decimal 292)
   defining Unicode char U+0125 (decimal 293)
   defining Unicode char U+0128 (decimal 296)
   defining Unicode char U+0129 (decimal 297)
   defining Unicode char U+012A (decimal 298)
   defining Unicode char U+012B (decimal 299)
   defining Unicode char U+012C (decimal 300)
   defining Unicode char U+012D (decimal 301)
   defining Unicode char U+012E (decimal 302)
   defining Unicode char U+012F (decimal 303)
   defining Unicode char U+0130 (decimal 304)
   defining Unicode char U+0131 (decimal 305)
   defining Unicode char U+0132 (decimal 306)
   defining Unicode char U+0133 (decimal 307)
   defining Unicode char U+0134 (decimal 308)
   defining Unicode char U+0135 (decimal 309)
   defining Unicode char U+0136 (decimal 310)
   defining Unicode char U+0137 (decimal 311)
   defining Unicode char U+0139 (decimal 313)
   defining Unicode char U+013A (decimal 314)
   defining Unicode char U+013B (decimal 315)
   defining Unicode char U+013C (decimal 316)
   defining Unicode char U+013D (decimal 317)
   defining Unicode char U+013E (decimal 318)
   defining Unicode char U+0141 (decimal 321)
   defining Unicode char U+0142 (decimal 322)
   defining Unicode char U+0143 (decimal 323)
   defining Unicode char U+0144 (decimal 324)
   defining Unicode char U+0145 (decimal 325)
   defining Unicode char U+0146 (decimal 326)
   defining Unicode char U+0147 (decimal 327)
   defining Unicode char U+0148 (decimal 328)
   defining Unicode char U+014A (decimal 330)
   defining Unicode char U+014B (decimal 331)
   defining Unicode char U+014C (decimal 332)
   defining Unicode char U+014D (decimal 333)
   defining Unicode char U+014E (decimal 334)
   defining Unicode char U+014F (decimal 335)
   defining Unicode char U+0150 (decimal 336)
   defining Unicode char U+0151 (decimal 337)
   defining Unicode char U+0152 (decimal 338)
   defining Unicode char U+0153 (decimal 339)
   defining Unicode char U+0154 (decimal 340)
   defining Unicode char U+0155 (decimal 341)
   defining Unicode char U+0156 (decimal 342)
   defining Unicode char U+0157 (decimal 343)
   defining Unicode char U+0158 (decimal 344)
   defining Unicode char U+0159 (decimal 345)
   defining Unicode char U+015A (decimal 346)
   defining Unicode char U+015B (decimal 347)
   defining Unicode char U+015C (decimal 348)
   defining Unicode char U+015D (decimal 349)
   defining Unicode char U+015E (decimal 350)
   defining Unicode char U+015F (decimal 351)
   defining Unicode char U+0160 (decimal 352)
   defining Unicode char U+0161 (decimal 353)
   defining Unicode char U+0162 (decimal 354)
   defining Unicode char U+0163 (decimal 355)
   defining Unicode char U+0164 (decimal 356)
   defining Unicode char U+0165 (decimal 357)
   defining Unicode char U+0168 (decimal 360)
   defining Unicode char U+0169 (decimal 361)
   defining Unicode char U+016A (decimal 362)
   defining Unicode char U+016B (decimal 363)
   defining Unicode char U+016C (decimal 364)
   defining Unicode char U+016D (decimal 365)
   defining Unicode char U+016E (decimal 366)
   defining Unicode char U+016F (decimal 367)
   defining Unicode char U+0170 (decimal 368)
   defining Unicode char U+0171 (decimal 369)
   defining Unicode char U+0172 (decimal 370)
   defining Unicode char U+0173 (decimal 371)
   defining Unicode char U+0174 (decimal 372)
   defining Unicode char U+0175 (decimal 373)
   defining Unicode char U+0176 (decimal 374)
   defining Unicode char U+0177 (decimal 375)
   defining Unicode char U+0178 (decimal 376)
   defining Unicode char U+0179 (decimal 377)
   defining Unicode char U+017A (decimal 378)
   defining Unicode char U+017B (decimal 379)
   defining Unicode char U+017C (decimal 380)
   defining Unicode char U+017D (decimal 381)
   defining Unicode char U+017E (decimal 382)
   defining Unicode char U+01CD (decimal 461)
   defining Unicode char U+01CE (decimal 462)
   defining Unicode char U+01CF (decimal 463)
   defining Unicode char U+01D0 (decimal 464)
   defining Unicode char U+01D1 (decimal 465)
   defining Unicode char U+01D2 (decimal 466)
   defining Unicode char U+01D3 (decimal 467)
   defining Unicode char U+01D4 (decimal 468)
   defining Unicode char U+01E2 (decimal 482)
   defining Unicode char U+01E3 (decimal 483)
   defining Unicode char U+01E6 (decimal 486)
   defining Unicode char U+01E7 (decimal 487)
   defining Unicode char U+01E8 (decimal 488)
   defining Unicode char U+01E9 (decimal 489)
   defining Unicode char U+01EA (decimal 490)
   defining Unicode char U+01EB (decimal 491)
   defining Unicode char U+01F0 (decimal 496)
   defining Unicode char U+01F4 (decimal 500)
   defining Unicode char U+01F5 (decimal 501)
   defining Unicode char U+0218 (decimal 536)
   defining Unicode char U+0219 (decimal 537)
   defining Unicode char U+021A (decimal 538)
   defining Unicode char U+021B (decimal 539)
   defining Unicode char U+0232 (decimal 562)
   defining Unicode char U+0233 (decimal 563)
   defining Unicode char U+1E02 (decimal 7682)
   defining Unicode char U+1E03 (decimal 7683)
   defining Unicode char U+200C (decimal 8204)
   defining Unicode char U+2010 (decimal 8208)
   defining Unicode char U+2011 (decimal 8209)
   defining Unicode char U+2012 (decimal 8210)
   defining Unicode char U+2013 (decimal 8211)
   defining Unicode char U+2014 (decimal 8212)
   defining Unicode char U+2015 (decimal 8213)
   defining Unicode char U+2018 (decimal 8216)
   defining Unicode char U+2019 (decimal 8217)
   defining Unicode char U+201A (decimal 8218)
   defining Unicode char U+201C (decimal 8220)
   defining Unicode char U+201D (decimal 8221)
   defining Unicode char U+201E (decimal 8222)
   defining Unicode char U+2030 (decimal 8240)
   defining Unicode char U+2031 (decimal 8241)
   defining Unicode char U+2039 (decimal 8249)
   defining Unicode char U+203A (decimal 8250)
   defining Unicode char U+2423 (decimal 9251)
   defining Unicode char U+1E20 (decimal 7712)
   defining Unicode char U+1E21 (decimal 7713)
)
Now handling font encoding OT1 ...
... processing UTF-8 mapping file for font encoding OT1

(/usr/share/texlive/texmf-dist/tex/latex/base/ot1enc.dfu
File: ot1enc.dfu 2017/01/28 v1.1t UTF-8 support for inputenc
   defining Unicode char U+00A0 (decimal 160)
   defining Unicode char U+00A1 (decimal 161)
   defining Unicode char U+00A3 (decimal 163)
   defining Unicode char U+00AD (decimal 173)
   defining Unicode char U+00B8 (decimal 184)
   defining Unicode char U+00BF (decimal 191)
   defining Unicode char U+00C5 (decimal 197)
   defining Unicode char U+00C6 (decimal 198)
   defining Unicode char U+00D8 (decimal 216)
   defining Unicode char U+00DF (decimal 223)
   defining Unicode char U+00E6 (decimal 230)
   defining Unicode char U+00EC (decimal 236)
   defining Unicode char U+00ED (decimal 237)
   defining Unicode char U+00EE (decimal 238)
   defining Unicode char U+00EF (decimal 239)
   defining Unicode char U+00F8 (decimal 248)
   defining Unicode char U+0131 (decimal 305)
   defining Unicode char U+0141 (decimal 321)
   defining Unicode char U+0142 (decimal 322)
   defining Unicode char U+0152 (decimal 338)
   defining Unicode char U+0153 (decimal 339)
   defining Unicode char U+0174 (decimal 372)
   defining Unicode char U+0175 (decimal 373)
   defining Unicode char U+0176 (decimal 374)
   defining Unicode char U+0177 (decimal 375)
   defining Unicode char U+0218 (decimal 536)
   defining Unicode char U+0219 (decimal 537)
   defining Unicode char U+021A (decimal 538)
   defining Unicode char U+021B (decimal 539)
   defining Unicode char U+2013 (decimal 8211)
   defining Unicode char U+2014 (decimal 8212)
   defining Unicode char U+2018 (decimal 8216)
   defining Unicode char U+2019 (decimal 8217)
   defining Unicode char U+201C (decimal 8220)
   defining Unicode char U+201D (decimal 8221)
)
Now handling font encoding OMS ...
... processing UTF-8 mapping file for font encoding OMS

(/usr/share/texlive/texmf-dist/tex/latex/base/omsenc.dfu
File: omsenc.dfu 2017/01/28 v1.1t UTF-8 support for inputenc
   defining Unicode char U+00A7 (decimal 167)
   defining Unicode char U+00B6 (decimal 182)
   defining Unicode char U+00B7 (decimal 183)
   defining Unicode char U+2020 (decimal 8224)
   defining Unicode char U+2021 (decimal 8225)
   defining Unicode char U+2022 (decimal 8226)
)
Now handling font encoding OMX ...
... no UTF-8 mapping file for font encoding OMX
Now handling font encoding U ...
... no UTF-8 mapping file for font encoding U
   defining Unicode char U+00A9 (decimal 169)
   defining Unicode char U+00AA (decimal 170)
   defining Unicode char U+00AE (decimal 174)
   defining Unicode char U+00BA (decimal 186)
   defining Unicode char U+02C6 (decimal 710)
   defining Unicode char U+02DC (decimal 732)
   defining Unicode char U+200C (decimal 8204)
   defining Unicode char U+2026 (decimal 8230)
   defining Unicode char U+2122 (decimal 8482)
   defining Unicode char U+2423 (decimal 9251)
))
(/usr/share/texlive/texmf-dist/tex/latex/base/fontenc.sty
Package: fontenc 2017/04/05 v2.0i Standard LaTeX package

(/usr/share/texlive/texmf-dist/tex/latex/base/t1enc.def
File: t1enc.def 2017/04/05 v2.0i Standard LaTeX file
LaTeX Font Info:    Redeclaring font encoding T1 on input line 48.
))
(/usr/share/texlive/texmf-dist/tex/generic/babel/babel.sty
Package: babel 2018/02/14 3.18 The Babel package

(/usr/share/texlive/texmf-dist/tex/generic/babel/switch.def
File: switch.def 2018/02/14 3.18 Babel switching mechanism
)
(/usr/share/texlive/texmf-dist/tex/generic/babel-french/francais.ldf
Language: francais 2018/02/04 v3.4b French support from the babel system


Package francais.ldf Warning: Option `francais' for Babel is *deprecated*,
(francais.ldf)                it might be removed sooner or later. Please
(francais.ldf)                use `french' instead; reported on input line 31.

(/usr/share/texlive/texmf-dist/tex/generic/babel-french/french.ldf
Language: french 2018/02/04 v3.4b French support from the babel system

(/usr/share/texlive/texmf-dist/tex/generic/babel/babel.def
File: babel.def 2018/02/14 3.18 Babel common definitions
\babel@savecnt=\count87
\U@D=\dimen105

(/usr/share/texlive/texmf-dist/tex/generic/babel/txtbabel.def)
\bbl@dirlevel=\count88
)
\l@acadian = a dialect from \language\l@french 
\FB@nonchar=\count89
Package babel Info: Making : an active character on input line 411.
Package babel Info: Making ; an active character on input line 412.
Package babel Info: Making ! an active character on input line 413.
Package babel Info: Making ? an active character on input line 414.
\FBguill@level=\count90
\FB@everypar=\toks17
\FB@Mht=\dimen106
\mc@charclass=\count91
\mc@charfam=\count92
\mc@charslot=\count93
\std@mcc=\count94
\dec@mcc=\count95
\c@FBcaption@count=\count96
\listindentFB=\skip43
\descindentFB=\skip44
\labelwidthFB=\skip45
\leftmarginFB=\skip46
\parindentFFN=\dimen107
\FBfnindent=\skip47
)))
(/usr/share/texlive/texmf-dist/tex/latex/carlisle/scalefnt.sty)
(/usr/share/texlive/texmf-dist/tex/latex/hyperref/hyperref.sty
Package: hyperref 2018/02/06 v6.86b Hypertext links for LaTeX

(/usr/share/texlive/texmf-dist/tex/generic/oberdiek/hobsub-hyperref.sty
Package: hobsub-hyperref 2016/05/16 v1.14 Bundle oberdiek, subset hyperref (HO)


(/usr/share/texlive/texmf-dist/tex/generic/oberdiek/hobsub-generic.sty
Package: hobsub-generic 2016/05/16 v1.14 Bundle oberdiek, subset generic (HO)
Package: hobsub 2016/05/16 v1.14 Construct package bundles (HO)
Package: infwarerr 2016/05/16 v1.4 Providing info/warning/error messages (HO)
Package: ltxcmds 2016/05/16 v1.23 LaTeX kernel commands for general use (HO)
Package: ifluatex 2016/05/16 v1.4 Provides the ifluatex switch (HO)
Package ifluatex Info: LuaTeX not detected.
Package: ifvtex 2016/05/16 v1.6 Detect VTeX and its facilities (HO)
Package ifvtex Info: VTeX not detected.
Package: intcalc 2016/05/16 v1.2 Expandable calculations with integers (HO)
Package: ifpdf 2017/03/15 v3.2 Provides the ifpdf switch
Package: etexcmds 2016/05/16 v1.6 Avoid name clashes with e-TeX commands (HO)
Package etexcmds Info: Could not find \expanded.
(etexcmds)             That can mean that you are not using pdfTeX 1.50 or
(etexcmds)             that some package has redefined \expanded.
(etexcmds)             In the latter case, load this package earlier.
Package: kvsetkeys 2016/05/16 v1.17 Key value parser (HO)
Package: kvdefinekeys 2016/05/16 v1.4 Define keys (HO)
Package: pdftexcmds 2018/01/21 v0.26 Utility functions of pdfTeX for LuaTeX (HO
)
Package pdftexcmds Info: LuaTeX not detected.
Package pdftexcmds Info: \pdf@primitive is available.
Package pdftexcmds Info: \pdf@ifprimitive is available.
Package pdftexcmds Info: \pdfdraftmode found.
Package: pdfescape 2016/05/16 v1.14 Implements pdfTeX's escape features (HO)
Package: bigintcalc 2016/05/16 v1.4 Expandable calculations on big integers (HO
)
Package: bitset 2016/05/16 v1.2 Handle bit-vector datatype (HO)
Package: uniquecounter 2016/05/16 v1.3 Provide unlimited unique counter (HO)
)
Package hobsub Info: Skipping package `hobsub' (already loaded).
Package: letltxmacro 2016/05/16 v1.5 Let assignment for LaTeX macros (HO)
Package: hopatch 2016/05/16 v1.3 Wrapper for package hooks (HO)
Package: xcolor-patch 2016/05/16 xcolor patch
Package: atveryend 2016/05/16 v1.9 Hooks at the very end of document (HO)
Package atveryend Info: \enddocument detected (standard20110627).
Package: atbegshi 2016/06/09 v1.18 At begin shipout hook (HO)
Package: refcount 2016/05/16 v3.5 Data extraction from label references (HO)
Package: hycolor 2016/05/16 v1.8 Color options for hyperref/bookmark (HO)
)
(/usr/share/texlive/texmf-dist/tex/generic/ifxetex/ifxetex.sty
Package: ifxetex 2010/09/12 v0.6 Provides ifxetex conditional
)
(/usr/share/texlive/texmf-dist/tex/latex/oberdiek/auxhook.sty
Package: auxhook 2016/05/16 v1.4 Hooks for auxiliary files (HO)
)
(/usr/share/texlive/texmf-dist/tex/latex/oberdiek/kvoptions.sty
Package: kvoptions 2016/05/16 v3.12 Key value format for package options (HO)
)
\@linkdim=\dimen108
\Hy@linkcounter=\count97
\Hy@pagecounter=\count98

(/usr/share/texlive/texmf-dist/tex/latex/hyperref/pd1enc.def
File: pd1enc.def 2018/02/06 v6.86b Hyperref: PDFDocEncoding definition (HO)
Now handling font encoding PD1 ...
... no UTF-8 mapping file for font encoding PD1
)
\Hy@SavedSpaceFactor=\count99

(/usr/share/texlive/texmf-dist/tex/latex/latexconfig/hyperref.cfg
File: hyperref.cfg 2002/06/06 v1.2 hyperref configuration of TeXLive
)
Package hyperref Info: Option `bookmarks' set `false' on input line 4383.
Package hyperref Info: Option `colorlinks' set `true' on input line 4383.
Package hyperref Info: Hyper figures OFF on input line 4509.
Package hyperref Info: Link nesting OFF on input line 4514.
Package hyperref Info: Hyper index ON on input line 4517.
Package hyperref Info: Plain pages OFF on input line 4524.
Package hyperref Info: Backreferencing OFF on input line 4529.
Package hyperref Info: Implicit mode ON; LaTeX internals redefined.
Package hyperref Info: Bookmarks OFF on input line 4768.
\c@Hy@tempcnt=\count100

(/usr/share/texlive/texmf-dist/tex/latex/url/url.sty
\Urlmuskip=\muskip10
Package: url 2013/09/16  ver 3.4  Verb mode for urls, etc.
)
LaTeX Info: Redefining \url on input line 5115.
\XeTeXLinkMargin=\dimen109
\Fld@menulength=\count101
\Field@Width=\dimen110
\Fld@charsize=\dimen111
Package hyperref Info: Hyper figures OFF on input line 6369.
Package hyperref Info: Link nesting OFF on input line 6374.
Package hyperref Info: Hyper index ON on input line 6377.
Package hyperref Info: backreferencing OFF on input line 6384.
Package hyperref Info: Link coloring ON on input line 6387.
Package hyperref Info: Link coloring with OCG OFF on input line 6394.
Package hyperref Info: PDF/A mode OFF on input line 6399.
LaTeX Info: Redefining \ref on input line 6439.
LaTeX Info: Redefining \pageref on input line 6443.
\Hy@abspage=\count102
\c@Item=\count103
\c@Hfootnote=\count104
)
Package hyperref Info: Driver (autodetected): hpdftex.

(/usr/share/texlive/texmf-dist/tex/latex/hyperref/hpdftex.def
File: hpdftex.def 2018/02/06 v6.86b Hyperref driver for pdfTeX
\Fld@listcount=\count105
\c@bookmark@seq@number=\count106

(/usr/share/texlive/texmf-dist/tex/latex/oberdiek/rerunfilecheck.sty
Package: rerunfilecheck 2016/05/16 v1.8 Rerun checks for auxiliary files (HO)
Package uniquecounter Info: New unique counter `rerunfilecheck' on input line 2
82.
)
\Hy@SectionHShift=\skip48
)
(/usr/share/texlive/texmf-dist/tex/latex/geometry/geometry.sty
Package: geometry 2010/09/12 v5.6 Page Geometry
\Gm@cnth=\count107
\Gm@cntv=\count108
\c@Gm@tempcnt=\count109
\Gm@bindingoffset=\dimen112
\Gm@wd@mp=\dimen113
\Gm@odd@mp=\dimen114
\Gm@even@mp=\dimen115
\Gm@layoutwidth=\dimen116
\Gm@layoutheight=\dimen117
\Gm@layouthoffset=\dimen118
\Gm@layoutvoffset=\dimen119
\Gm@dimlist=\toks18
)
(/usr/share/texlive/texmf-dist/tex/latex/tools/verbatim.sty
Package: verbatim 2014/10/28 v1.5q LaTeX2e package for verbatim enhancements
\every@verbatim=\toks19
\verbatim@line=\toks20
\verbatim@in@stream=\read1
)
(/usr/share/texlive/texmf-dist/tex/latex/xcolor/xcolor.sty
Package: xcolor 2016/05/11 v2.12 LaTeX color extensions (UK)

(/usr/share/texlive/texmf-dist/tex/latex/graphics-cfg/color.cfg
File: color.cfg 2016/01/02 v1.6 sample color configuration
)
Package xcolor Info: Driver file: pdftex.def on input line 225.
Package xcolor Info: Model `cmy' substituted by `cmy0' on input line 1348.
Package xcolor Info: Model `hsb' substituted by `rgb' on input line 1352.
Package xcolor Info: Model `RGB' extended on input line 1364.
Package xcolor Info: Model `HTML' substituted by `rgb' on input line 1366.
Package xcolor Info: Model `Hsb' substituted by `hsb' on input line 1367.
Package xcolor Info: Model `tHsb' substituted by `hsb' on input line 1368.
Package xcolor Info: Model `HSB' substituted by `hsb' on input line 1369.
Package xcolor Info: Model `Gray' substituted by `gray' on input line 1370.
Package xcolor Info: Model `wave' substituted by `hsb' on input line 1371.
)
(./rapport.aux)
\openout1 = `rapport.aux'.

LaTeX Font Info:    Checking defaults for OML/cmm/m/it on input line 21.
LaTeX Font Info:    ... okay on input line 21.
LaTeX Font Info:    Checking defaults for T1/cmr/m/n on input line 21.
LaTeX Font Info:    ... okay on input line 21.
LaTeX Font Info:    Checking defaults for OT1/cmr/m/n on input line 21.
LaTeX Font Info:    ... okay on input line 21.
LaTeX Font Info:    Checking defaults for OMS/cmsy/m/n on input line 21.
LaTeX Font Info:    ... okay on input line 21.
LaTeX Font Info:    Checking defaults for OMX/cmex/m/n on input line 21.
LaTeX Font Info:    ... okay on input line 21.
LaTeX Font Info:    Checking defaults for U/cmr/m/n on input line 21.
LaTeX Font Info:    ... okay on input line 21.
LaTeX Font Info:    Checking defaults for PD1/pdf/m/n on input line 21.
LaTeX Font Info:    ... okay on input line 21.

(/usr/share/texlive/texmf-dist/tex/context/base/mkii/supp-pdf.mkii
[Loading MPS to PDF converter (version 2006.09.02).]
\scratchcounter=\count110
\scratchdimen=\dimen120
\scratchbox=\box26
\nofMPsegments=\count111
\nofMParguments=\count112
\everyMPshowfont=\toks21
\MPscratchCnt=\count113
\MPscratchDim=\dimen121
\MPnumerator=\count114
\makeMPintoPDFobject=\count115
\everyMPtoPDFconversion=\toks22
) (/usr/share/texlive/texmf-dist/tex/latex/oberdiek/epstopdf-base.sty
Package: epstopdf-base 2016/05/15 v2.6 Base part for package epstopdf

(/usr/share/texlive/texmf-dist/tex/latex/oberdiek/grfext.sty
Package: grfext 2016/05/16 v1.2 Manage graphics extensions (HO)
)
Package epstopdf-base Info: Redefining graphics rule for `.eps' on input line 4
38.
Package grfext Info: Graphics extension search list:
(grfext)             [.pdf,.png,.jpg,.mps,.jpeg,.jbig2,.jb2,.PDF,.PNG,.JPG,.JPE
G,.JBIG2,.JB2,.eps]
(grfext)             \AppendGraphicsExtensions on input line 456.

(/usr/share/texlive/texmf-dist/tex/latex/latexconfig/epstopdf-sys.cfg
File: epstopdf-sys.cfg 2010/07/13 v1.3 Configuration of (r)epstopdf for TeX Liv
e
))
LaTeX Info: Redefining \degres on input line 21.
LaTeX Info: Redefining \dots on input line 21.
LaTeX Info: Redefining \up on input line 21.
\AtBeginShipoutBox=\box27
Package hyperref Info: Link coloring ON on input line 21.

(/usr/share/texlive/texmf-dist/tex/latex/hyperref/nameref.sty
Package: nameref 2016/05/21 v2.44 Cross-referencing by name of section

(/usr/share/texlive/texmf-dist/tex/generic/oberdiek/gettitlestring.sty
Package: gettitlestring 2016/05/16 v1.5 Cleanup title references (HO)
)
\c@section@level=\count116
)
LaTeX Info: Redefining \ref on input line 21.
LaTeX Info: Redefining \pageref on input line 21.
LaTeX Info: Redefining \nameref on input line 21.

*geometry* driver: auto-detecting
*geometry* detected driver: pdftex
*geometry* verbose mode - [ preamble ] result:
* driver: pdftex
* paper: a4paper
* layout: <same size as paper>
* layoutoffset:(h,v)=(0.0pt,0.0pt)
* modes: 
* h-part:(L,W,R)=(42.67912pt, 512.14963pt, 42.67912pt)
* v-part:(T,H,B)=(42.67912pt, 759.6886pt, 42.67912pt)
* \paperwidth=597.50787pt
* \paperheight=845.04684pt
* \textwidth=512.14963pt
* \textheight=759.6886pt
* \oddsidemargin=-29.59087pt
* \evensidemargin=-29.59087pt
* \topmargin=-66.59087pt
* \headheight=12.0pt
* \headsep=25.0pt
* \topskip=10.0pt
* \footskip=30.0pt
* \marginparwidth=57.0pt
* \marginparsep=11.0pt
* \columnsep=10.0pt
* \skip\footins=9.0pt plus 4.0pt minus 2.0pt
* \hoffset=0.0pt
* \voffset=0.0pt
* \mag=1000
* \@twocolumnfalse
* \@twosidefalse
* \@mparswitchfalse
* \@reversemarginfalse
* (1in=72.27pt=25.4mm, 1cm=28.453pt)

LaTeX Font Info:    Try loading font information for T1+cmtt on input line 32.
(/usr/share/texlive/texmf-dist/tex/latex/base/t1cmtt.fd
File: t1cmtt.fd 2014/09/29 v2.5h Standard LaTeX font definitions
)
Overfull \hbox (7.47348pt too wide) in paragraph at lines 35--35
[]\T1/cmtt/m/n/10 Par la suite, dès le début, un guide d'utilisation apparaît d
ans la fenêtre du terminal, permettant[] 
 []


Overfull \hbox (28.46835pt too wide) in paragraph at lines 51--51
[]\T1/cmtt/m/n/10 Nous avons un header associé au .c qui rassemble nos structur
es, nos prototypes ainsi que nos variables[] 
 []


Overfull \hbox (33.71707pt too wide) in paragraph at lines 62--62
[]\T1/cmtt/m/n/10 Nous utilisons beaucoup de variables globales. En effet avec 
Glut, qui permet de générer notre interface[] 
 []


Overfull \hbox (23.21964pt too wide) in paragraph at lines 63--63
[]\T1/cmtt/m/n/10 graphique, l'utilisations de variables globales est obligatoi
re car il est impossible de les passer en[] 
 []


Overfull \hbox (38.96579pt too wide) in paragraph at lines 66--66
[]\T1/cmtt/m/n/10 - ^^S tree_t ^^T correspond à l'arbre permettant de générer t
ous les coups possibles à partir d'une position.[] 
 []


Overfull \hbox (17.97092pt too wide) in paragraph at lines 67--67
[]\T1/cmtt/m/n/10 - ^^S move_t ^^T correspond au descriptif de coup. Les variab
les sont en réalités des caractéristiques du[] 
 []


Overfull \hbox (28.46835pt too wide) in paragraph at lines 68--68
[]\T1/cmtt/m/n/10 coup.Elle permet d'avoir une variable qui passe à l'intérieur
 d'une ou plusieurs fonctions de test pour[] 
 []


Overfull \hbox (6.42374pt too wide) in paragraph at lines 81--81
[]\T1/cmtt/m/n/12 OpenGL est une interface qui lie un logiciel a du matériel gr
aphique. Le GL signifie[] 
 []


Overfull \hbox (37.2912pt too wide) in paragraph at lines 82--82
[]\T1/cmtt/m/n/12 Graphics Library. Il fournit des commandes pour spécifier des
 objets géométriques en deux[] 
 []


Overfull \hbox (12.59723pt too wide) in paragraph at lines 84--84
[]\T1/cmtt/m/n/12 l'affichage. Les objets, dans ce cas, sont des points, des li
gnes, des polygones, des[] 
 []


Overfull \hbox (24.94421pt too wide) in paragraph at lines 86--86
[]\T1/cmtt/m/n/12 L'OpenGL Utility Toolkit (GLUT) est une librairie d'utilité p
our les programmes OpenGL,[] 
 []


Overfull \hbox (18.77072pt too wide) in paragraph at lines 87--87
[]\T1/cmtt/m/n/12 qui effectue principalement des Entrees / Sorties au niveau d
u système avec le système[] 
 []


Overfull \hbox (12.59723pt too wide) in paragraph at lines 88--88
[]\T1/cmtt/m/n/12 d'exploitation hôte. Les fonctions exécutées comprennent la d
éfinition de la fenêtre,[] 
 []


Overfull \hbox (31.1177pt too wide) in paragraph at lines 89--89
[]\T1/cmtt/m/n/12 le contrôle de la fenêtre et la surveillance de l'entrée du c
lavier et de la souris. Des[] 
 []


Overfull \hbox (18.77072pt too wide) in paragraph at lines 90--90
[]\T1/cmtt/m/n/12 routines pour dessiner un certain nombre de primitives géomét
riques (à la fois en mode[] 
 []


Overfull \hbox (24.94421pt too wide) in paragraph at lines 91--91
[]\T1/cmtt/m/n/12 solide et en mode filaire) sont également fournies, y compris
 des cubes, des sphères et[] 
 []


Overfull \hbox (37.2912pt too wide) in paragraph at lines 94--94
[]\T1/cmtt/m/n/12 OpenGL ne fournit pas de commandes pour effectuer des tâches 
de fenêtrage ou pour obtenir[] 
 []


Overfull \hbox (18.77072pt too wide) in paragraph at lines 95--95
[]\T1/cmtt/m/n/12 une entrée utilisateur. Ces commandes sont fournies par GLUT 
(OpenGL Utility Toolkit).[] 
 []


Overfull \hbox (12.59723pt too wide) in paragraph at lines 97--97
[]\T1/cmtt/m/n/12 GLUT fournit des commandes pour créer des fenêtres, des sous-
fenêtres et des menus et[] 
 []


Overfull \hbox (24.94421pt too wide) in paragraph at lines 99--99
[]\T1/cmtt/m/n/12 La librairie nécessite que les programmeurs appellent glutMai
nLoop (), une fonction qui[] 
 []


Overfull \hbox (6.42374pt too wide) in paragraph at lines 100--100
[]\T1/cmtt/m/n/12 n'a pas de return. Cela rend difficile pour les programmeurs 
d'intégrer GLUT dans un[] 
 []

[1

{/var/lib/texmf/fonts/map/pdftex/updmap/pdftex.map}]
Overfull \hbox (31.1177pt too wide) in paragraph at lines 102--102
[]\T1/cmtt/m/n/12 d'événements. L'une des grandes difficultés que nous avons re
ncontrés était le manque de[] 
 []


Overfull \hbox (24.94421pt too wide) in paragraph at lines 103--103
[]\T1/cmtt/m/n/12 capacité à transmettre des arguments au choix aux fonctions G
LUT. Cela nous a obligés à[] 
 []


Overfull \hbox (68.15866pt too wide) in paragraph at lines 104--104
[]\T1/cmtt/m/n/12 retravailler et à repenser notre jeu d'une manière différente
, une fois que nous avions décidé[] 
 []


Overfull \hbox (43.46469pt too wide) in paragraph at lines 106--106
[]\T1/cmtt/m/n/12 l'utilisation de nombreuses variables et structures globales 
afin de résoudre ce problème.[] 
 []


Overfull \hbox (0.25024pt too wide) in paragraph at lines 112--112
[]    \T1/cmtt/m/n/12 Spécifie le mode d'affichage,RGB ou indice de couleur, si
mple ou double buffer.[] 
 []


Overfull \hbox (55.81168pt too wide) in paragraph at lines 139--139
[]    \T1/cmtt/m/n/12 Cette fonction fonction la boucle principale de GLUT(elle
 tourne de manière permanente).[] 
 []


Overfull \hbox (43.46469pt too wide) in paragraph at lines 154--154
[]\T1/cmtt/m/n/12 Ceci est un exemple de la façon de dessiner une forme géométr
ique de base. C'est un carré.[] 
 []


Overfull \hbox (24.94421pt too wide) in paragraph at lines 155--155
[]\T1/cmtt/m/n/12 Nous appelons GLUT pour commencer un polygone. Ensuite, nous 
spécifions les valeurs RGB[] 
 []


Overfull \hbox (24.94421pt too wide) in paragraph at lines 156--156
[]\T1/cmtt/m/n/12 (de 0 à 1). Ensuite, nous définissons les sommets du polygone
, impérativement contre le[] 
 []

[2]
Overfull \hbox (24.94421pt too wide) in paragraph at lines 179--179
[]\T1/cmtt/m/n/12 Ceci est un exemple de la façon dont nous avons dessiné des c
ercles dans GLUT. Il n'y a[] 
 []


Overfull \hbox (31.1177pt too wide) in paragraph at lines 180--180
[]\T1/cmtt/m/n/12 pas de vraie fonctionnalité cercle, et ce que nous dessinons 
en réalité, est un polygone[] 
 []


Overfull \hbox (43.46469pt too wide) in paragraph at lines 181--181
[]\T1/cmtt/m/n/12 à plusieurs côtés, composé de triangles isocèles dont les ang
les de sommets partagent tous[] 
 []


Overfull \hbox (24.94421pt too wide) in paragraph at lines 182--182
[]\T1/cmtt/m/n/12 le même sommet au centre du cercle. Un polygone à 25 côtés es
t ce que nous avons trouvé[] 
 []


Overfull \hbox (18.77072pt too wide) in paragraph at lines 183--183
[]\T1/cmtt/m/n/12 qui fonctionnait bien pour donner l'impression d'un bord de c
ercle suffisamment lisse.[] 
 []

[3]
Overfull \hbox (12.59723pt too wide) in paragraph at lines 214--214
[]\T1/cmtt/m/n/12 Nous avons ensuite notre menu affiché en fonction de la valeu
r de la variable globale[] 
 []


Overfull \hbox (31.1177pt too wide) in paragraph at lines 215--215
[]\T1/cmtt/m/n/12 menu. Si le menu n'est pas affiché, nous affichons le plateau
 de jeu. L'affichage de nos[] 
 []


Overfull \hbox (31.1177pt too wide) in paragraph at lines 216--216
[]\T1/cmtt/m/n/12 indices est basé sur la variable globale _hints. L'affichage 
du carré représentant notre[] 
 []


Overfull \hbox (24.94421pt too wide) in paragraph at lines 217--217
[]\T1/cmtt/m/n/12 pièce sélectionnée est basculé selon la valeur de la variable
 globale choosingpiece. Le[] 
 []


Overfull \hbox (31.1177pt too wide) in paragraph at lines 218--218
[]\T1/cmtt/m/n/12 carré indiquant notre position actuelle sur le tableau est to
ujours affiché. Finalement,[] 
 []


Overfull \hbox (37.2912pt too wide) in paragraph at lines 219--219
[]\T1/cmtt/m/n/12 nous affichons les pièces des joueurs. Si la variable globale
 victoire est modifiée, nous[] 
 []


Overfull \hbox (31.1177pt too wide) in paragraph at lines 230--230
[]\T1/cmtt/m/n/12 Une des difficultés pour ce projet a été de pouvoir respecter
 la règle ^^S Seuls les coups[] 
 []


Overfull \hbox (12.59723pt too wide) in paragraph at lines 231--231
[]\T1/cmtt/m/n/12 optimaux sont possibles pour les joueurs ^^T. Pour cela nous 
avons choisi de travailler[] 
 []


Overfull \hbox (18.77072pt too wide) in paragraph at lines 232--232
[]\T1/cmtt/m/n/12 avec une structure d'arbre.À partir de la racine correspondan
t à l'état actuel du jeu,[] 
 []


Overfull \hbox (6.42374pt too wide) in paragraph at lines 233--233
[]\T1/cmtt/m/n/12 nous construisons récursivement des n÷uds en passant en argum
ents un état du plateau[] 
 []


Overfull \hbox (37.2912pt too wide) in paragraph at lines 234--234
[]\T1/cmtt/m/n/12 modifié par l'exécution d'un coup possible. Cette dernière mo
dification est annulée après[] 
 []


Overfull \hbox (37.2912pt too wide) in paragraph at lines 235--235
[]\T1/cmtt/m/n/12 l'appel récursif pour ensuite créer un autre n÷ud corresponda
nt à un autre coup possible.[] 
 []


Overfull \hbox (24.94421pt too wide) in paragraph at lines 236--236
[]\T1/cmtt/m/n/12 Ainsi nous obtenons un arbre qui donne tous les enchainements
 de ^^S move ^^T possible pour[] 
 []


Overfull \hbox (24.94421pt too wide) in paragraph at lines 239--239
[]\T1/cmtt/m/n/12 d'effectuer. Une fonction (^^S void Depth(tree * t) ^^T) perm
et d'associer à chaque n÷ud la[] 
 []


Overfull \hbox (37.2912pt too wide) in paragraph at lines 240--240
[]\T1/cmtt/m/n/12 hauteur de la branche la plus grande à laquelle il appartient
. Si cette branche a la même[] 
 []


Overfull \hbox (37.2912pt too wide) in paragraph at lines 243--243
[]\T1/cmtt/m/n/12 La boucle de jeu est intégrée dans la fonction ^^S ProcessNor
malKeys(unsigned char key, int[] 
 []


Overfull \hbox (24.94421pt too wide) in paragraph at lines 244--244
[]\T1/cmtt/m/n/12 x, int y) ^^T car celle-ci dépend des de la détection d'évène
ments relative au flèches du[] 
 []


Overfull \hbox (31.1177pt too wide) in paragraph at lines 245--245
[]\T1/cmtt/m/n/12 clavier (permettant aux joueurs de sélectionner des pièces et
 de les déplacer). Une fois[] 
 []


Overfull \hbox (31.1177pt too wide) in paragraph at lines 246--246
[]\T1/cmtt/m/n/12 l' arbre créé il est juste nécessaire de comparerles coordonn
ées saisies par les joueurs[] 
 []


Overfull \hbox (24.94421pt too wide) in paragraph at lines 247--247
[]\T1/cmtt/m/n/12 avec les informations de l'arbre pour l'autoriser ou non à ef
fectuer certaines actions.[] 
 []


Overfull \hbox (0.25024pt too wide) in paragraph at lines 249--249
[]\T1/cmtt/m/n/12 De plus, cet arbre nous a permis de pouvoir ajouter une fonct
ionnalité consistant à[] 
 []


Overfull \hbox (0.25024pt too wide) in paragraph at lines 250--250
[]\T1/cmtt/m/n/12 pouvoir afficher en surbrillance sur le plateau les pièces fa
isant partit des coups[] 
 []


Overfull \hbox (37.2912pt too wide) in paragraph at lines 251--251
[]\T1/cmtt/m/n/12 optimaux. Une fois une pièce sélectionnée nous pouvons aussi 
afficher en surbrillance les[] 
 []


Overfull \hbox (24.94421pt too wide) in paragraph at lines 255--255
[]\T1/cmtt/m/n/12 Pour détecter la fin de partie nous mettons à jour le volume 
de pièces de chaque joueur[] 
 []


Overfull \hbox (18.77072pt too wide) in paragraph at lines 256--256
[]\T1/cmtt/m/n/12 au fur et à mesure de la partie. Si plus aucun des joueurs n'
a de pion c'est celui qui[] 
 []


Overfull \hbox (18.77072pt too wide) in paragraph at lines 257--257
[]\T1/cmtt/m/n/12 possède le plus de dames qui l'emportent. Si l'un des joueurs
 n'a aucun pion et aucune[] 
 []


Overfull \hbox (24.94421pt too wide) in paragraph at lines 258--258
[]\T1/cmtt/m/n/12 dame alors c'est l'autre joueur qui l'emporte.Si aucun des jo
ueurs n'a de pion mais que[] 
 []


Overfull \hbox (18.77072pt too wide) in paragraph at lines 267--267
[]\T1/cmtt/m/n/12 Le programme de test (test.c) a pour but d'évaluer si les alg
orithmes de mouvement des[] 
 []


Overfull \hbox (24.94421pt too wide) in paragraph at lines 268--268
[]\T1/cmtt/m/n/12 pièces fonctionnent. Les tests ont été crées au cas par cas e
n organisant le plateau et[] 
 []


Overfull \hbox (31.1177pt too wide) in paragraph at lines 269--269
[]\T1/cmtt/m/n/12 le jeu afin de pouvoir tester les fonctionnalitées désirées. 
Il comptabilise 70 test, 35[] 
 []


Overfull \hbox (6.42374pt too wide) in paragraph at lines 270--270
[]\T1/cmtt/m/n/12 pour chaque couleur. Ces tests concernent : les deplacements 
possibles, impossibles,[] 
 []


Overfull \hbox (12.59723pt too wide) in paragraph at lines 271--271
[]\T1/cmtt/m/n/12 les prises de pièces adverses ainsi que les selections possib
les et impossibles. Pour[] 
 []


Overfull \hbox (31.1177pt too wide) in paragraph at lines 272--272
[]\T1/cmtt/m/n/12 lancer les tests, il suffit de lancer la commande "make test"
 afin de compiler le test.c[] 
 []

[4]
<fact_avant.png, id=31, 685.8122pt x 568.37344pt>
File: fact_avant.png Graphic file (type png)
<use fact_avant.png>
Package pdftex.def Info: fact_avant.png  used on input line 282.
(pdftex.def)             Requested size: 227.61633pt x 142.26646pt.
<fact_new.png, id=32, 563.10374pt x 247.67531pt>
File: fact_new.png Graphic file (type png)
<use fact_new.png>
Package pdftex.def Info: fact_new.png  used on input line 287.
(pdftex.def)             Requested size: 227.61755pt x 142.2648pt.

Overfull \hbox (37.2912pt too wide) in paragraph at lines 291--291
[]\T1/cmtt/m/n/12 La nouvelle fonction SelectRect() a remplace les deux fonctio
ns Rect() et SelectedRect().[] 
 []


Overfull \hbox (37.2912pt too wide) in paragraph at lines 292--292
[]\T1/cmtt/m/n/12 Cette fonction SelectRect() est responsable de l'affichage de
s cases selectionnées et les[] 
 []


Overfull \hbox (37.2912pt too wide) in paragraph at lines 293--293
[]\T1/cmtt/m/n/12 cases qui indique le deplacement par boutons fleches du joueu
r sur le plateau. Elle prend[] 
 []


Overfull \hbox (24.94421pt too wide) in paragraph at lines 294--294
[]\T1/cmtt/m/n/12 deux floats comme argument, et ensuite elle modifie les value
rs des variables globales.[] 
 []


Overfull \hbox (31.1177pt too wide) in paragraph at lines 295--295
[]\T1/cmtt/m/n/12 Avant cette factorisation, les deux fonctions  Rect() et Sele
ctedRect() s'occupaient des[] 
 []


Overfull \hbox (18.77072pt too wide) in paragraph at lines 299--299
[]\T1/cmtt/m/n/12 mesure ces divers éléments afin de rendre le code plus limpid
e et efficace. Nous avons[] 
 []


Overfull \hbox (24.94421pt too wide) in paragraph at lines 300--300
[]\T1/cmtt/m/n/12 fait de notre mieux pour optimiser et organiser de manière ef
ficace notre programme dès[] 
 []


Overfull \hbox (6.42374pt too wide) in paragraph at lines 301--301
[]\T1/cmtt/m/n/12 le départ.De plus, le fait d'utiliser le GLUT ne permet pas u
ne factorisation facile[] 
 []


Overfull \hbox (24.94421pt too wide) in paragraph at lines 302--302
[]\T1/cmtt/m/n/12 d'approche car nous ne pouvons pas prendre des arguments en p
aramètre de nos fonctions.[] 
 []

[5 <./fact_avant.png> <./fact_new.png>]
<menu.png, id=38, 1927.2pt x 1084.05pt>
File: menu.png Graphic file (type png)
<use menu.png>
Package pdftex.def Info: menu.png  used on input line 337.
(pdftex.def)             Requested size: 227.60759pt x 142.25475pt.
<premiertour1.png, id=40, 1927.2pt x 1084.05pt>
File: premiertour1.png Graphic file (type png)
<use premiertour1.png>
Package pdftex.def Info: premiertour1.png  used on input line 338.
(pdftex.def)             Requested size: 227.60759pt x 142.25475pt.
<premiertour2.png, id=41, 1927.2pt x 1084.05pt>
File: premiertour2.png Graphic file (type png)
<use premiertour2.png>
Package pdftex.def Info: premiertour2.png  used on input line 340.
(pdftex.def)             Requested size: 227.60759pt x 142.25475pt.
<premiertour3.png, id=42, 1927.2pt x 1084.05pt>
File: premiertour3.png Graphic file (type png)
<use premiertour3.png>
Package pdftex.def Info: premiertour3.png  used on input line 341.
(pdftex.def)             Requested size: 227.60759pt x 142.25475pt.
<premiertour4.png, id=43, 1927.2pt x 1084.05pt>
File: premiertour4.png Graphic file (type png)
<use premiertour4.png>
Package pdftex.def Info: premiertour4.png  used on input line 343.
(pdftex.def)             Requested size: 227.60759pt x 142.25475pt.
<premiertour5.png, id=44, 1927.2pt x 1084.05pt>
File: premiertour5.png Graphic file (type png)
<use premiertour5.png>
Package pdftex.def Info: premiertour5.png  used on input line 344.
(pdftex.def)             Requested size: 227.60759pt x 142.25475pt.
<premiertour6.png, id=45, 1927.2pt x 1084.05pt>
File: premiertour6.png Graphic file (type png)
<use premiertour6.png>
Package pdftex.def Info: premiertour6.png  used on input line 346.
(pdftex.def)             Requested size: 227.60759pt x 142.25475pt.
<premiertour7.png, id=46, 1927.2pt x 1084.05pt>
File: premiertour7.png Graphic file (type png)
<use premiertour7.png>
Package pdftex.def Info: premiertour7.png  used on input line 347.
(pdftex.def)             Requested size: 227.60759pt x 142.25475pt.
<premiertour8.png, id=47, 1927.2pt x 1084.05pt>
File: premiertour8.png Graphic file (type png)
<use premiertour8.png>
Package pdftex.def Info: premiertour8.png  used on input line 349.
(pdftex.def)             Requested size: 227.60759pt x 142.25475pt.
<premiertour9.png, id=48, 1927.2pt x 1084.05pt>
File: premiertour9.png Graphic file (type png)
<use premiertour9.png>
Package pdftex.def Info: premiertour9.png  used on input line 350.
(pdftex.def)             Requested size: 227.60759pt x 142.25475pt.
 [6 <./menu.png> <./premiertour1.png> <./premiertour2.png> <./premiertour3.png>
 <./premiertour4.png> <./premiertour5.png> <./premiertour6.png> <./premiertour7
.png>]
<Pion.png, id=62, 1927.2pt x 1084.05pt>
File: Pion.png Graphic file (type png)
<use Pion.png>
Package pdftex.def Info: Pion.png  used on input line 356.
(pdftex.def)             Requested size: 227.60759pt x 142.25475pt.
<Pion2.png, id=63, 1927.2pt x 1084.05pt>
File: Pion2.png Graphic file (type png)
<use Pion2.png>
Package pdftex.def Info: Pion2.png  used on input line 357.
(pdftex.def)             Requested size: 227.60759pt x 142.25475pt.
<Pion3.png, id=64, 1927.2pt x 1084.05pt>
File: Pion3.png Graphic file (type png)
<use Pion3.png>
Package pdftex.def Info: Pion3.png  used on input line 359.
(pdftex.def)             Requested size: 227.60759pt x 142.25475pt.
<Reine.png, id=65, 1927.2pt x 1084.05pt>
File: Reine.png Graphic file (type png)
<use Reine.png>
Package pdftex.def Info: Reine.png  used on input line 365.
(pdftex.def)             Requested size: 227.60759pt x 142.25475pt.
<Reine2.png, id=66, 1927.2pt x 1084.05pt>
File: Reine2.png Graphic file (type png)
<use Reine2.png>
Package pdftex.def Info: Reine2.png  used on input line 366.
(pdftex.def)             Requested size: 227.60759pt x 142.25475pt.
<egalite.png, id=67, 1927.2pt x 1084.05pt>
File: egalite.png Graphic file (type png)
<use egalite.png>
Package pdftex.def Info: egalite.png  used on input line 381.
(pdftex.def)             Requested size: 227.60759pt x 142.25475pt.
 [7 <./premiertour8.png> <./premiertour9.png> <./Pion.png> <./Pion2.png> <./Pio
n3.png> <./Reine.png> <./Reine2.png>]
<hints1.png, id=80, 1927.2pt x 1084.05pt>
File: hints1.png Graphic file (type png)
<use hints1.png>
Package pdftex.def Info: hints1.png  used on input line 390.
(pdftex.def)             Requested size: 227.60759pt x 142.25475pt.
<hints2.png, id=81, 1927.2pt x 1084.05pt>
File: hints2.png Graphic file (type png)
<use hints2.png>
Package pdftex.def Info: hints2.png  used on input line 391.
(pdftex.def)             Requested size: 227.60759pt x 142.25475pt.
<hints3.png, id=82, 1927.2pt x 1084.05pt>
File: hints3.png Graphic file (type png)
<use hints3.png>
Package pdftex.def Info: hints3.png  used on input line 393.
(pdftex.def)             Requested size: 227.60759pt x 142.25475pt.
<hints4.png, id=83, 1927.2pt x 1084.05pt>
File: hints4.png Graphic file (type png)
<use hints4.png>
Package pdftex.def Info: hints4.png  used on input line 394.
(pdftex.def)             Requested size: 227.60759pt x 142.25475pt.
<rafle2-1.png, id=84, 1927.2pt x 1084.05pt>
File: rafle2-1.png Graphic file (type png)
<use rafle2-1.png>
Package pdftex.def Info: rafle2-1.png  used on input line 403.
(pdftex.def)             Requested size: 227.60759pt x 142.25475pt.
<rafle2-2.png, id=85, 1927.2pt x 1084.05pt>
File: rafle2-2.png Graphic file (type png)
<use rafle2-2.png>
Package pdftex.def Info: rafle2-2.png  used on input line 404.
(pdftex.def)             Requested size: 227.60759pt x 142.25475pt.
<rafle2-3.png, id=86, 1927.2pt x 1084.05pt>
File: rafle2-3.png Graphic file (type png)
<use rafle2-3.png>
Package pdftex.def Info: rafle2-3.png  used on input line 406.
(pdftex.def)             Requested size: 227.60759pt x 142.25475pt.
 [8 <./egalite.png> <./hints1.png> <./hints2.png> <./hints3.png> <./hints4.png>
 <./rafle2-1.png> <./rafle2-2.png>]
<rafle3-1.png, id=98, 1927.2pt x 1084.05pt>
File: rafle3-1.png Graphic file (type png)
<use rafle3-1.png>
Package pdftex.def Info: rafle3-1.png  used on input line 415.
(pdftex.def)             Requested size: 227.60759pt x 142.25475pt.
<rafle3-2.png, id=99, 1927.2pt x 1084.05pt>
File: rafle3-2.png Graphic file (type png)
<use rafle3-2.png>
Package pdftex.def Info: rafle3-2.png  used on input line 416.
(pdftex.def)             Requested size: 227.60759pt x 142.25475pt.
<rafle3-3.png, id=100, 1927.2pt x 1084.05pt>
File: rafle3-3.png Graphic file (type png)
<use rafle3-3.png>
Package pdftex.def Info: rafle3-3.png  used on input line 418.
(pdftex.def)             Requested size: 227.60759pt x 142.25475pt.
<rafle3-4.png, id=101, 1927.2pt x 1084.05pt>
File: rafle3-4.png Graphic file (type png)
<use rafle3-4.png>
Package pdftex.def Info: rafle3-4.png  used on input line 419.
(pdftex.def)             Requested size: 227.60759pt x 142.25475pt.

Overfull \hbox (6.42374pt too wide) in paragraph at lines 426--426
[]\T1/cmtt/m/n/12 seulement présente pour montrer que si echec il y a, le progr
amme recence toutes les[] 
 []

<TestEchoue1.png, id=102, 1927.2pt x 1084.05pt>
File: TestEchoue1.png Graphic file (type png)
<use TestEchoue1.png>
Package pdftex.def Info: TestEchoue1.png  used on input line 435.
(pdftex.def)             Requested size: 227.60759pt x 142.25475pt.
<TestEchoue2.png, id=103, 1927.2pt x 1084.05pt>
File: TestEchoue2.png Graphic file (type png)
<use TestEchoue2.png>
Package pdftex.def Info: TestEchoue2.png  used on input line 436.
(pdftex.def)             Requested size: 227.60759pt x 142.25475pt.
<TestEchoue3.png, id=104, 1927.2pt x 1084.05pt>
File: TestEchoue3.png Graphic file (type png)
<use TestEchoue3.png>
Package pdftex.def Info: TestEchoue3.png  used on input line 438.
(pdftex.def)             Requested size: 227.60759pt x 142.25475pt.
[9 <./rafle2-3.png> <./rafle3-1.png> <./rafle3-2.png> <./rafle3-3.png> <./rafle
3-4.png> <./TestEchoue1.png> <./TestEchoue2.png>]
<TestReussi1.png, id=117, 1927.2pt x 1084.05pt>
File: TestReussi1.png Graphic file (type png)
<use TestReussi1.png>
Package pdftex.def Info: TestReussi1.png  used on input line 451.
(pdftex.def)             Requested size: 227.60759pt x 142.25475pt.
<TestReussi2.png, id=118, 1927.2pt x 1084.05pt>
File: TestReussi2.png Graphic file (type png)
<use TestReussi2.png>
Package pdftex.def Info: TestReussi2.png  used on input line 452.
(pdftex.def)             Requested size: 227.60759pt x 142.25475pt.
<TestReussi3.png, id=119, 1927.2pt x 1084.05pt>
File: TestReussi3.png Graphic file (type png)
<use TestReussi3.png>
Package pdftex.def Info: TestReussi3.png  used on input line 454.
(pdftex.def)             Requested size: 227.60759pt x 142.25475pt.
Package atveryend Info: Empty hook `BeforeClearDocument' on input line 456.
 [10 <./TestEchoue3.png> <./TestReussi1.png> <./TestReussi2.png> <./TestReussi3
.png>]
Package atveryend Info: Empty hook `AfterLastShipout' on input line 456.
 (./rapport.aux)
Package atveryend Info: Executing hook `AtVeryEndDocument' on input line 456.
Package atveryend Info: Empty hook `AtEndAfterFileList' on input line 456.
Package atveryend Info: Empty hook `AtVeryVeryEnd' on input line 456.
 ) 
Here is how much of TeX's memory you used:
 7793 strings out of 494894
 111210 string characters out of 6179474
 210322 words of memory out of 5000000
 11004 multiletter control sequences out of 15000+600000
 8796 words of font info for 22 fonts, out of 8000000 for 9000
 14 hyphenation exceptions out of 8191
 30i,5n,35p,259b,501s stack positions out of 5000i,500n,10000p,200000b,80000s
 </home/thomasbnr/.texlive2017/texmf-var/fonts/pk/ljfour/jknappen/ec/ecrm1000
.600pk> </home/thomasbnr/.texlive2017/texmf-var/fonts/pk/ljfour/jknappen/ec/ect
t1200.600pk> </home/thomasbnr/.texlive2017/texmf-var/fonts/pk/ljfour/jknappen/e
c/ecbx1200.600pk> </home/thomasbnr/.texlive2017/texmf-var/fonts/pk/ljfour/jknap
pen/ec/ectt1000.600pk> </home/thomasbnr/.texlive2017/texmf-var/fonts/pk/ljfour/
jknappen/ec/ecti1200.600pk> </home/thomasbnr/.texlive2017/texmf-var/fonts/pk/lj
four/jknappen/ec/ecbx1440.600pk>
Output written on rapport.pdf (10 pages, 4708452 bytes).
PDF statistics:
 372 PDF objects out of 1000 (max. 8388607)
 74 compressed objects within 1 object stream
 18 named destinations out of 1000 (max. 500000)
 176 words of extra memory for PDF output out of 10000 (max. 10000000)

